<?xml version="1.0" encoding="UTF-8"?>
<!-- Generated by org.testng.reporters.JUnitReportReporter -->
<testsuite hostname="AASHYD-4B6B2X2" failures="0" tests="1" name="com.avsQual.testcases.AVS_CaliberationTest" time="29.770" errors="0" timestamp="16 Oct 2024 05:53:30 GMT" skipped="0">
  <testcase classname="com.avsQual.testcases.AVS_CaliberationTest" name="AVS_Calibearation" time="29.770"/>
</testsuite> <!-- com.avsQual.testcases.AVS_CaliberationTest -->
