<?xml version="1.0" encoding="UTF-8"?>
<!-- Generated by org.testng.reporters.JUnitReportReporter -->
<testsuite hostname="AASHYD-4B6B2X2" failures="0" tests="1" name="com.avsQual.testcases.Cal_Qual_VerTest" time="0.000" errors="0" timestamp="20 Nov 2024 04:55:11 GMT" skipped="1">
  <testcase classname="com.avsQual.testcases.Cal_Qual_VerTest" name="AVS_Calibearation" time="0.000">
    <skipped/>
  </testcase> <!-- AVS_Calibearation -->
</testsuite> <!-- com.avsQual.testcases.Cal_Qual_VerTest -->
