<?xml version="1.0" encoding="UTF-8"?>
<!-- Generated by org.testng.reporters.JUnitReportReporter -->
<testsuite hostname="AASHYD-4B6B2X2" failures="0" tests="1" name="com.avsQual.testcases.AVS_CaliberationTest" time="32.257" errors="0" timestamp="22 Oct 2024 06:38:46 GMT" skipped="0">
  <testcase classname="com.avsQual.testcases.AVS_CaliberationTest" name="AVS_Calibearation" time="32.257"/>
</testsuite> <!-- com.avsQual.testcases.AVS_CaliberationTest -->
