<?xml version="1.0" encoding="UTF-8"?>
<!-- Generated by org.testng.reporters.JUnitReportReporter -->
<testsuite hostname="AASHYD-4B6B2X2" failures="0" tests="1" name="com.avsQual.testcases.sample" time="138.359" errors="0" timestamp="2023-11-03T16:32:51 IST" skipped="0">
  <testcase classname="com.avsQual.testcases.sample" name="AVSQF" time="138.359"/>
  <system-out/>
</testsuite> <!-- com.avsQual.testcases.sample -->
