<?xml version="1.0" encoding="UTF-8"?>
<!-- Generated by org.testng.reporters.JUnitReportReporter -->
<testsuite hostname="AASHYD-4B6B2X2" failures="0" tests="1" name="com.avsQual.testcases.SaveButtonEnable_Validation" time="748.450" errors="0" timestamp="27 Aug 2024 08:42:41 GMT" skipped="0">
  <testcase classname="com.avsQual.testcases.SaveButtonEnable_Validation" name="AVS_QualFlowWithAllCondition" time="748.450"/>
</testsuite> <!-- com.avsQual.testcases.SaveButtonEnable_Validation -->
