<?xml version="1.0" encoding="UTF-8"?>
<!-- Generated by org.testng.reporters.JUnitReportReporter -->
<testsuite hostname="AASHYD-4B6B2X2" failures="0" tests="1" name="com.avsQual.testcases.AvsQualFlow_Test" time="295.651" errors="0" timestamp="2023-09-26T12:11:02 IST" skipped="0">
  <testcase classname="com.avsQual.testcases.AvsQualFlow_Test" name="AVSQF" time="295.651"/>
  <system-out/>
</testsuite> <!-- com.avsQual.testcases.AvsQualFlow_Test -->
