<?xml version="1.0" encoding="UTF-8"?>
<!-- Generated by org.testng.reporters.JUnitReportReporter -->
<testsuite hostname="AASHYD-4B6B2X2" failures="0" tests="1" name="com.avsQual.testcases.test" time="59.927" errors="0" timestamp="2023-10-20T16:15:13 IST" skipped="0">
  <testcase classname="com.avsQual.testcases.test" name="AVSQF" time="59.927"/>
  <system-out/>
</testsuite> <!-- com.avsQual.testcases.test -->
