<?xml version="1.0" encoding="UTF-8"?>
<!-- Generated by org.testng.reporters.JUnitReportReporter -->
<testsuite hostname="AASHYD-4B6B2X2" failures="0" tests="1" name="com.avsQual.testcases.AvsQualFlow_FromScratch" time="23.065" errors="0" timestamp="2023-12-01T13:04:47 IST" skipped="0">
  <testcase classname="com.avsQual.testcases.AvsQualFlow_FromScratch" name="AVSQF" time="23.065"/>
  <system-out/>
</testsuite> <!-- com.avsQual.testcases.AvsQualFlow_FromScratch -->
