<?xml version="1.0" encoding="UTF-8"?>
<!-- Generated by org.testng.reporters.JUnitReportReporter -->
<testsuite hostname="AASHYD-4B6B2X2" failures="0" tests="16" name="com.avsQual.testcases.AvsQualFlowTest_AllCases" time="272.041" errors="0" timestamp="2023-12-08T15:53:53 IST" skipped="0">
  <testcase classname="com.avsQual.testcases.AvsQualFlowTest_AllCases" name="AVS_QualFlowWithAllCondition" time="16.760"/>
  <system-out/>
  <testcase classname="com.avsQual.testcases.AvsQualFlowTest_AllCases" name="AVS_QualFlowWithAllCondition" time="16.880"/>
  <system-out/>
  <testcase classname="com.avsQual.testcases.AvsQualFlowTest_AllCases" name="AVS_QualFlowWithAllCondition" time="17.484"/>
  <system-out/>
  <testcase classname="com.avsQual.testcases.AvsQualFlowTest_AllCases" name="AVS_QualFlowWithAllCondition" time="16.932"/>
  <system-out/>
  <testcase classname="com.avsQual.testcases.AvsQualFlowTest_AllCases" name="AVS_QualFlowWithAllCondition" time="16.622"/>
  <system-out/>
  <testcase classname="com.avsQual.testcases.AvsQualFlowTest_AllCases" name="AVS_QualFlowWithAllCondition" time="16.932"/>
  <system-out/>
  <testcase classname="com.avsQual.testcases.AvsQualFlowTest_AllCases" name="AVS_QualFlowWithAllCondition" time="17.056"/>
  <system-out/>
  <testcase classname="com.avsQual.testcases.AvsQualFlowTest_AllCases" name="AVS_QualFlowWithAllCondition" time="16.910"/>
  <system-out/>
  <testcase classname="com.avsQual.testcases.AvsQualFlowTest_AllCases" name="AVS_QualFlowWithAllCondition" time="17.201"/>
  <system-out/>
  <testcase classname="com.avsQual.testcases.AvsQualFlowTest_AllCases" name="AVS_QualFlowWithAllCondition" time="17.338"/>
  <system-out/>
  <testcase classname="com.avsQual.testcases.AvsQualFlowTest_AllCases" name="AVS_QualFlowWithAllCondition" time="17.433"/>
  <system-out/>
  <testcase classname="com.avsQual.testcases.AvsQualFlowTest_AllCases" name="AVS_QualFlowWithAllCondition" time="17.320"/>
  <system-out/>
  <testcase classname="com.avsQual.testcases.AvsQualFlowTest_AllCases" name="AVS_QualFlowWithAllCondition" time="16.949"/>
  <system-out/>
  <testcase classname="com.avsQual.testcases.AvsQualFlowTest_AllCases" name="AVS_QualFlowWithAllCondition" time="16.956"/>
  <system-out/>
  <testcase classname="com.avsQual.testcases.AvsQualFlowTest_AllCases" name="AVS_QualFlowWithAllCondition" time="16.489"/>
  <system-out/>
  <testcase classname="com.avsQual.testcases.AvsQualFlowTest_AllCases" name="AVS_QualFlowWithAllCondition" time="16.779"/>
  <system-out/>
</testsuite> <!-- com.avsQual.testcases.AvsQualFlowTest_AllCases -->
