<?xml version="1.0" encoding="UTF-8"?>
<!-- Generated by org.testng.reporters.JUnitReportReporter -->
<testsuite hostname="AASHYD-4B6B2X2" failures="0" tests="1" name="com.avsQual.testcases.Demo" time="455.097" errors="0" timestamp="2023-11-09T11:18:01 IST" skipped="0">
  <testcase classname="com.avsQual.testcases.Demo" name="AVS_QualFlowWithAllCondition" time="455.097"/>
  <system-out/>
</testsuite> <!-- com.avsQual.testcases.Demo -->
