<?xml version="1.0" encoding="UTF-8"?>
<!-- Generated by org.testng.reporters.JUnitReportReporter -->
<testsuite hostname="AASHYD-4B6B2X2" failures="0" tests="16" name="com.avsQual.testcases.AvsQualFlowTest_AllCases" time="16204.930" errors="0" timestamp="2023-11-29T15:16:03 IST" skipped="0">
  <testcase classname="com.avsQual.testcases.AvsQualFlowTest_AllCases" name="AVS_QualFlowWithAllCondition" time="450.265"/>
  <system-out/>
  <testcase classname="com.avsQual.testcases.AvsQualFlowTest_AllCases" name="AVS_QualFlowWithAllCondition" time="520.931"/>
  <system-out/>
  <testcase classname="com.avsQual.testcases.AvsQualFlowTest_AllCases" name="AVS_QualFlowWithAllCondition" time="1088.658"/>
  <system-out/>
  <testcase classname="com.avsQual.testcases.AvsQualFlowTest_AllCases" name="AVS_QualFlowWithAllCondition" time="417.072"/>
  <system-out/>
  <testcase classname="com.avsQual.testcases.AvsQualFlowTest_AllCases" name="AVS_QualFlowWithAllCondition" time="355.937"/>
  <system-out/>
  <testcase classname="com.avsQual.testcases.AvsQualFlowTest_AllCases" name="AVS_QualFlowWithAllCondition" time="540.916"/>
  <system-out/>
  <testcase classname="com.avsQual.testcases.AvsQualFlowTest_AllCases" name="AVS_QualFlowWithAllCondition" time="430.653"/>
  <system-out/>
  <testcase classname="com.avsQual.testcases.AvsQualFlowTest_AllCases" name="AVS_QualFlowWithAllCondition" time="993.942"/>
  <system-out/>
  <testcase classname="com.avsQual.testcases.AvsQualFlowTest_AllCases" name="AVS_QualFlowWithAllCondition" time="889.110"/>
  <system-out/>
  <testcase classname="com.avsQual.testcases.AvsQualFlowTest_AllCases" name="AVS_QualFlowWithAllCondition" time="513.774"/>
  <system-out/>
  <testcase classname="com.avsQual.testcases.AvsQualFlowTest_AllCases" name="AVS_QualFlowWithAllCondition" time="478.115"/>
  <system-out/>
  <testcase classname="com.avsQual.testcases.AvsQualFlowTest_AllCases" name="AVS_QualFlowWithAllCondition" time="5719.774"/>
  <system-out/>
  <testcase classname="com.avsQual.testcases.AvsQualFlowTest_AllCases" name="AVS_QualFlowWithAllCondition" time="1812.214"/>
  <system-out/>
  <testcase classname="com.avsQual.testcases.AvsQualFlowTest_AllCases" name="AVS_QualFlowWithAllCondition" time="1090.497"/>
  <system-out/>
  <testcase classname="com.avsQual.testcases.AvsQualFlowTest_AllCases" name="AVS_QualFlowWithAllCondition" time="342.286"/>
  <system-out/>
  <testcase classname="com.avsQual.testcases.AvsQualFlowTest_AllCases" name="AVS_QualFlowWithAllCondition" time="560.786"/>
  <system-out/>
</testsuite> <!-- com.avsQual.testcases.AvsQualFlowTest_AllCases -->
